[debug] [2021-11-19T09:28:46.533Z] ----------------------------------------------------------------------
[debug] [2021-11-19T09:28:46.536Z] Command:       C:\Program Files\nodejs\node.exe C:\Users\shadh\AppData\Roaming\npm\node_modules\firebase-tools\lib\bin\firebase.js deploy
[debug] [2021-11-19T09:28:46.536Z] CLI Version:   9.20.0
[debug] [2021-11-19T09:28:46.536Z] Platform:      win32
[debug] [2021-11-19T09:28:46.536Z] Node Version:  v16.0.0
[debug] [2021-11-19T09:28:46.539Z] Time:          Fri Nov 19 2021 15:28:46 GMT+0600 (Bangladesh Standard Time)
[debug] [2021-11-19T09:28:46.540Z] ----------------------------------------------------------------------
[debug] 
[debug] [2021-11-19T09:28:46.610Z] > command requires scopes: ["email","openid","https://www.googleapis.com/auth/cloudplatformprojects.readonly","https://www.googleapis.com/auth/firebase","https://www.googleapis.com/auth/cloud-platform"]
[debug] [2021-11-19T09:28:46.610Z] > authorizing via signed-in user (shadheenarman@gmail.com)
[debug] [2021-11-19T09:28:46.610Z] [iam] checking project onthego-5f02e for permissions ["firebase.projects.get","firebasehosting.sites.update"]
[debug] [2021-11-19T09:28:46.612Z] > refreshing access token with scopes: ["email","https://www.googleapis.com/auth/cloud-platform","https://www.googleapis.com/auth/cloudplatformprojects.readonly","https://www.googleapis.com/auth/firebase","openid"]
[debug] [2021-11-19T09:28:46.612Z] >>> HTTP REQUEST POST https://www.googleapis.com/oauth2/v3/token  
 <request body omitted>
[debug] [2021-11-19T09:28:46.639Z] [iam] error while checking permissions, command may fail: FirebaseError: Authentication Error: Your credentials are no longer valid. Please run firebase login --reauth

For CI servers and headless environments, generate a new token with firebase login:ci
[debug] [2021-11-19T09:28:46.640Z] > refreshing access token with scopes: []
[debug] [2021-11-19T09:28:46.641Z] >>> HTTP REQUEST POST https://www.googleapis.com/oauth2/v3/token  
 <request body omitted>
[debug] [2021-11-19T09:28:46.645Z] Authentication Error: Your credentials are no longer valid. Please run firebase login --reauth

For CI servers and headless environments, generate a new token with firebase login:ci
[debug] [2021-11-19T09:28:46.653Z] FirebaseError: Authentication Error: Your credentials are no longer valid. Please run firebase login --reauth

For CI servers and headless environments, generate a new token with firebase login:ci
    at invalidCredentialError (C:\Users\shadh\AppData\Roaming\npm\node_modules\firebase-tools\lib\auth.js:141:12)
    at refreshTokens (C:\Users\shadh\AppData\Roaming\npm\node_modules\firebase-tools\lib\auth.js:448:15)
    at processTicksAndRejections (node:internal/process/task_queues:96:5)
    at async Client.getAccessToken (C:\Users\shadh\AppData\Roaming\npm\node_modules\firebase-tools\lib\apiv2.js:144:23)
    at async Client.addAuthHeader (C:\Users\shadh\AppData\Roaming\npm\node_modules\firebase-tools\lib\apiv2.js:135:21)
    at async Client.request (C:\Users\shadh\AppData\Roaming\npm\node_modules\firebase-tools\lib\apiv2.js:93:34)
    at async Object.getFirebaseProject (C:\Users\shadh\AppData\Roaming\npm\node_modules\firebase-tools\lib\management\projects.js:290:21)
    at async Object.getDefaultHostingSite (C:\Users\shadh\AppData\Roaming\npm\node_modules\firebase-tools\lib\getDefaultHostingSite.js:8:21)
    at async requireHostingSite (C:\Users\shadh\AppData\Roaming\npm\node_modules\firebase-tools\lib\requireHostingSite.js:9:18)
    at async Object.fn (C:\Users\shadh\AppData\Roaming\npm\node_modules\firebase-tools\lib\commands\deploy.js:65:9)
    at async C:\Users\shadh\AppData\Roaming\npm\node_modules\firebase-tools\lib\command.js:188:17
[error] 
[error] Error: Failed to get Firebase project onthego-5f02e. Please make sure the project exists and your account has permission to access it.
[debug] [2021-11-19T09:29:40.328Z] ----------------------------------------------------------------------
[debug] [2021-11-19T09:29:40.332Z] Command:       C:\Program Files\nodejs\node.exe C:\Users\shadh\AppData\Roaming\npm\node_modules\firebase-tools\lib\bin\firebase.js deploy
[debug] [2021-11-19T09:29:40.333Z] CLI Version:   9.20.0
[debug] [2021-11-19T09:29:40.333Z] Platform:      win32
[debug] [2021-11-19T09:29:40.333Z] Node Version:  v16.0.0
[debug] [2021-11-19T09:29:40.334Z] Time:          Fri Nov 19 2021 15:29:40 GMT+0600 (Bangladesh Standard Time)
[debug] [2021-11-19T09:29:40.335Z] ----------------------------------------------------------------------
[debug] 
[debug] [2021-11-19T09:29:40.403Z] > command requires scopes: ["email","openid","https://www.googleapis.com/auth/cloudplatformprojects.readonly","https://www.googleapis.com/auth/firebase","https://www.googleapis.com/auth/cloud-platform"]
[debug] [2021-11-19T09:29:40.404Z] > authorizing via signed-in user (shadheenarman@gmail.com)
[debug] [2021-11-19T09:29:40.404Z] [iam] checking project onthego-5f02e for permissions ["firebase.projects.get","firebasehosting.sites.update"]
[debug] [2021-11-19T09:29:40.406Z] > refreshing access token with scopes: ["email","https://www.googleapis.com/auth/cloud-platform","https://www.googleapis.com/auth/cloudplatformprojects.readonly","https://www.googleapis.com/auth/firebase","openid"]
[debug] [2021-11-19T09:29:40.407Z] >>> HTTP REQUEST POST https://www.googleapis.com/oauth2/v3/token  
 <request body omitted>
[debug] [2021-11-19T09:29:40.434Z] [iam] error while checking permissions, command may fail: FirebaseError: Authentication Error: Your credentials are no longer valid. Please run firebase login --reauth

For CI servers and headless environments, generate a new token with firebase login:ci
[debug] [2021-11-19T09:29:40.435Z] > refreshing access token with scopes: []
[debug] [2021-11-19T09:29:40.436Z] >>> HTTP REQUEST POST https://www.googleapis.com/oauth2/v3/token  
 <request body omitted>
[debug] [2021-11-19T09:29:40.440Z] Authentication Error: Your credentials are no longer valid. Please run firebase login --reauth

For CI servers and headless environments, generate a new token with firebase login:ci
[debug] [2021-11-19T09:29:40.448Z] FirebaseError: Authentication Error: Your credentials are no longer valid. Please run firebase login --reauth

For CI servers and headless environments, generate a new token with firebase login:ci
    at invalidCredentialError (C:\Users\shadh\AppData\Roaming\npm\node_modules\firebase-tools\lib\auth.js:141:12)
    at refreshTokens (C:\Users\shadh\AppData\Roaming\npm\node_modules\firebase-tools\lib\auth.js:448:15)
    at processTicksAndRejections (node:internal/process/task_queues:96:5)
    at async Client.getAccessToken (C:\Users\shadh\AppData\Roaming\npm\node_modules\firebase-tools\lib\apiv2.js:144:23)
    at async Client.addAuthHeader (C:\Users\shadh\AppData\Roaming\npm\node_modules\firebase-tools\lib\apiv2.js:135:21)
    at async Client.request (C:\Users\shadh\AppData\Roaming\npm\node_modules\firebase-tools\lib\apiv2.js:93:34)
    at async Object.getFirebaseProject (C:\Users\shadh\AppData\Roaming\npm\node_modules\firebase-tools\lib\management\projects.js:290:21)
    at async Object.getDefaultHostingSite (C:\Users\shadh\AppData\Roaming\npm\node_modules\firebase-tools\lib\getDefaultHostingSite.js:8:21)
    at async requireHostingSite (C:\Users\shadh\AppData\Roaming\npm\node_modules\firebase-tools\lib\requireHostingSite.js:9:18)
    at async Object.fn (C:\Users\shadh\AppData\Roaming\npm\node_modules\firebase-tools\lib\commands\deploy.js:65:9)
    at async C:\Users\shadh\AppData\Roaming\npm\node_modules\firebase-tools\lib\command.js:188:17
[error] 
[error] Error: Failed to get Firebase project onthego-5f02e. Please make sure the project exists and your account has permission to access it.
